<?xml version="1.0" encoding="UTF-8"?>
<testng-results skipped="0" failed="0" ignored="0" total="1" passed="1">
  <reporter-output>
  </reporter-output>
  <suite name="Default suite" duration-ms="13064" started-at="2018-08-28T05:12:58Z" finished-at="2018-08-28T05:13:11Z">
    <groups>
    </groups>
    <test name="Default test" duration-ms="13064" started-at="2018-08-28T05:12:58Z" finished-at="2018-08-28T05:13:11Z">
      <class name="fileDownloader.DownloadFileConcept">
        <test-method status="PASS" signature="setUp()[pri:0, instance:fileDownloader.DownloadFileConcept@12cdcf4]" name="setUp" is-config="true" duration-ms="6863" started-at="2018-08-28T05:12:58Z" finished-at="2018-08-28T05:13:05Z">
          <reporter-output>
          </reporter-output>
        </test-method> <!-- setUp -->
        <test-method status="PASS" signature="downloadFileTest()[pri:0, instance:fileDownloader.DownloadFileConcept@12cdcf4]" name="downloadFileTest" duration-ms="5365" started-at="2018-08-28T05:13:05Z" finished-at="2018-08-28T05:13:11Z">
          <reporter-output>
          </reporter-output>
        </test-method> <!-- downloadFileTest -->
        <test-method status="PASS" signature="tearDown()[pri:0, instance:fileDownloader.DownloadFileConcept@12cdcf4]" name="tearDown" is-config="true" duration-ms="793" started-at="2018-08-28T05:13:11Z" finished-at="2018-08-28T05:13:11Z">
          <reporter-output>
          </reporter-output>
        </test-method> <!-- tearDown -->
      </class> <!-- fileDownloader.DownloadFileConcept -->
    </test> <!-- Default test -->
  </suite> <!-- Default suite -->
</testng-results>
