<?xml version="1.0" encoding="UTF-8"?>
<testng-results skipped="0" failed="0" ignored="0" total="3" passed="3">
  <reporter-output>
  </reporter-output>
  <suite name="Default suite" duration-ms="42" started-at="2018-06-23T12:00:06Z" finished-at="2018-06-23T12:00:06Z">
    <groups>
    </groups>
    <test name="Default test" duration-ms="42" started-at="2018-06-23T12:00:06Z" finished-at="2018-06-23T12:00:06Z">
      <class name="com.testng.TestNGBasics">
        <test-method status="PASS" signature="setUp()[pri:0, instance:com.testng.TestNGBasics@e6a65d]" name="setUp" is-config="true" duration-ms="17" started-at="2018-06-23T12:00:06Z" finished-at="2018-06-23T12:00:06Z">
          <reporter-output>
          </reporter-output>
        </test-method> <!-- setUp -->
        <test-method status="PASS" signature="launchBrowser()[pri:0, instance:com.testng.TestNGBasics@e6a65d]" name="launchBrowser" is-config="true" duration-ms="2" started-at="2018-06-23T12:00:06Z" finished-at="2018-06-23T12:00:06Z">
          <reporter-output>
          </reporter-output>
        </test-method> <!-- launchBrowser -->
        <test-method status="PASS" signature="logIn()[pri:0, instance:com.testng.TestNGBasics@e6a65d]" name="logIn" is-config="true" duration-ms="0" started-at="2018-06-23T12:00:06Z" finished-at="2018-06-23T12:00:06Z">
          <reporter-output>
          </reporter-output>
        </test-method> <!-- logIn -->
        <test-method status="PASS" signature="googleLogoTest()[pri:0, instance:com.testng.TestNGBasics@e6a65d]" name="googleLogoTest" duration-ms="5" started-at="2018-06-23T12:00:06Z" finished-at="2018-06-23T12:00:06Z">
          <reporter-output>
          </reporter-output>
        </test-method> <!-- googleLogoTest -->
        <test-method status="PASS" signature="enterUrl()[pri:0, instance:com.testng.TestNGBasics@e6a65d]" name="enterUrl" is-config="true" duration-ms="0" started-at="2018-06-23T12:00:06Z" finished-at="2018-06-23T12:00:06Z">
          <reporter-output>
          </reporter-output>
        </test-method> <!-- enterUrl -->
        <test-method status="PASS" signature="logOut()[pri:0, instance:com.testng.TestNGBasics@e6a65d]" name="logOut" is-config="true" duration-ms="1" started-at="2018-06-23T12:00:06Z" finished-at="2018-06-23T12:00:06Z">
          <reporter-output>
          </reporter-output>
        </test-method> <!-- logOut -->
        <test-method status="PASS" signature="enterUrl()[pri:0, instance:com.testng.TestNGBasics@e6a65d]" name="enterUrl" is-config="true" duration-ms="1" started-at="2018-06-23T12:00:06Z" finished-at="2018-06-23T12:00:06Z">
          <reporter-output>
          </reporter-output>
        </test-method> <!-- enterUrl -->
        <test-method status="PASS" signature="googleTitleTest()[pri:0, instance:com.testng.TestNGBasics@e6a65d]" name="googleTitleTest" duration-ms="2" started-at="2018-06-23T12:00:06Z" finished-at="2018-06-23T12:00:06Z">
          <reporter-output>
          </reporter-output>
        </test-method> <!-- googleTitleTest -->
        <test-method status="PASS" signature="logOut()[pri:0, instance:com.testng.TestNGBasics@e6a65d]" name="logOut" is-config="true" duration-ms="1" started-at="2018-06-23T12:00:06Z" finished-at="2018-06-23T12:00:06Z">
          <reporter-output>
          </reporter-output>
        </test-method> <!-- logOut -->
        <test-method status="PASS" signature="enterUrl()[pri:0, instance:com.testng.TestNGBasics@e6a65d]" name="enterUrl" is-config="true" duration-ms="0" started-at="2018-06-23T12:00:06Z" finished-at="2018-06-23T12:00:06Z">
          <reporter-output>
          </reporter-output>
        </test-method> <!-- enterUrl -->
        <test-method status="PASS" signature="searchtest()[pri:0, instance:com.testng.TestNGBasics@e6a65d]" name="searchtest" duration-ms="3" started-at="2018-06-23T12:00:06Z" finished-at="2018-06-23T12:00:06Z">
          <reporter-output>
          </reporter-output>
        </test-method> <!-- searchtest -->
        <test-method status="PASS" signature="logOut()[pri:0, instance:com.testng.TestNGBasics@e6a65d]" name="logOut" is-config="true" duration-ms="1" started-at="2018-06-23T12:00:06Z" finished-at="2018-06-23T12:00:06Z">
          <reporter-output>
          </reporter-output>
        </test-method> <!-- logOut -->
        <test-method status="PASS" signature="closeBrowser()[pri:0, instance:com.testng.TestNGBasics@e6a65d]" name="closeBrowser" is-config="true" duration-ms="0" started-at="2018-06-23T12:00:06Z" finished-at="2018-06-23T12:00:06Z">
          <reporter-output>
          </reporter-output>
        </test-method> <!-- closeBrowser -->
        <test-method status="PASS" signature="deleteAllCookies()[pri:0, instance:com.testng.TestNGBasics@e6a65d]" name="deleteAllCookies" is-config="true" duration-ms="1" started-at="2018-06-23T12:00:06Z" finished-at="2018-06-23T12:00:06Z">
          <reporter-output>
          </reporter-output>
        </test-method> <!-- deleteAllCookies -->
        <test-method status="PASS" signature="generateTestReport()[pri:0, instance:com.testng.TestNGBasics@e6a65d]" name="generateTestReport" is-config="true" duration-ms="0" started-at="2018-06-23T12:00:06Z" finished-at="2018-06-23T12:00:06Z">
          <reporter-output>
          </reporter-output>
        </test-method> <!-- generateTestReport -->
      </class> <!-- com.testng.TestNGBasics -->
    </test> <!-- Default test -->
  </suite> <!-- Default suite -->
</testng-results>
